0 info it worked if it ends with ok
1 verbose cli [ 'D:\\Program Files\\nodejs\\\\node.exe',
1 verbose cli   'D:\\Program Files\\nodejs\\node_modules\\npm\\bin\\npm-cli.js',
1 verbose cli   'link' ]
2 info using npm@1.4.28
3 info using node@v0.10.35
4 verbose node symlink D:\Program Files\nodejs\\node.exe
5 verbose linkPkg D:\WebStorm\workstation
6 error Error: ENOENT, open 'D:\WebStorm\workstation\package.json'
7 error If you need help, you may report this *entire* log,
7 error including the npm and node versions, at:
7 error     <http://github.com/npm/npm/issues>
8 error System Windows_NT 6.2.9200
9 error command "D:\\Program Files\\nodejs\\\\node.exe" "D:\\Program Files\\nodejs\\node_modules\\npm\\bin\\npm-cli.js" "link"
10 error cwd D:\WebStorm\workstation
11 error node -v v0.10.35
12 error npm -v 1.4.28
13 error path D:\WebStorm\workstation\package.json
14 error code ENOENT
15 error errno 34
16 verbose exit [ 34, true ]
