0 info it worked if it ends with ok
1 verbose cli [ 'D:\\Program Files\\nodejs\\\\node.exe',
1 verbose cli   'D:\\Program Files\\nodejs\\node_modules\\npm\\bin\\npm-cli.js',
1 verbose cli   'link' ]
2 info using npm@1.4.28
3 info using node@v0.10.35
4 verbose node symlink D:\Program Files\nodejs\\node.exe
5 verbose linkPkg D:\WebStorm\workstation\MyNode
6 error Error: EPERM, symlink 'D:\WebStorm\workstation\MyNode'
6 error  { [Error: EPERM, symlink 'D:\WebStorm\workstation\MyNode']
6 error   errno: 50,
6 error   code: 'EPERM',
6 error   path: 'D:\\WebStorm\\workstation\\MyNode' }
7 error Please try running this command again as root/Administrator.
8 error System Windows_NT 6.2.9200
9 error command "D:\\Program Files\\nodejs\\\\node.exe" "D:\\Program Files\\nodejs\\node_modules\\npm\\bin\\npm-cli.js" "link"
10 error cwd D:\WebStorm\workstation\MyNode
11 error node -v v0.10.35
12 error npm -v 1.4.28
13 error path D:\WebStorm\workstation\MyNode
14 error code EPERM
15 error errno 50
16 error stack Error: EPERM, symlink 'D:\WebStorm\workstation\MyNode'
17 verbose exit [ 50, true ]
